<?xml version="1.0" encoding="UTF-8"?>
<!-- Generated by org.testng.reporters.JUnitReportReporter -->
<testsuite hostname="IN-2F7RX33" failures="0" tests="2" name="test.testngAnnotations" time="0.009" errors="0" timestamp="2021-06-13T20:54:42 IST" skipped="0">
  <testcase classname="test.testngAnnotations" name="test2" time="0.004"/>
  <system-out/>
  <testcase classname="test.testngAnnotations" name="test1" time="0.005"/>
  <system-out/>
</testsuite> <!-- test.testngAnnotations -->
