<?xml version="1.0" encoding="UTF-8"?>
<!-- Generated by org.testng.reporters.JUnitReportReporter -->
<testsuite hostname="IN-2F7RX33" failures="0" tests="1" name="test.Test1" time="0.019" errors="0" timestamp="2021-06-13T20:49:43 IST" skipped="0">
  <testcase classname="test.Test1" name="verifyHomepageTitle" time="0.019"/>
  <system-out/>
</testsuite> <!-- test.Test1 -->
